
03:30.752:18781:30.752:app App Php Pedago started
03:30.752:18781:30.753:App\Http/App\Http\Request setHeader
03:30.752:18781:30.753:App\Http/App\Http\Request setHeader
03:30.752:18781:30.753:App\Http/App\Http\Request setHeader
03:30.752:18781:30.753:App\Http/App\Http\Request setHeader
03:30.752:18781:30.753:App\Http/App\Http\Request setHeader
03:30.752:18781:30.753:App\Http/App\Http\Request setHeader
03:30.752:18781:30.753:App\Http/App\Http\Request setHeader
03:30.752:18781:30.753:App\Http/App\Http\Request setHeader
03:30.752:18781:30.753:App\Http/App\Http\Request setHeader
03:30.752:18781:30.753:App\Http/App\Http\Request setHeader
03:30.752:18781:30.753:App\Http/App\Http\Request setHeader
03:30.752:18781:30.753:App\Http/App\Http\Request setHeader
03:30.752:18781:30.753:App\Http/App\Http\Request setHeader
03:30.752:18781:30.753:App\Http/App\Http\Request setHeader
03:30.752:18781:30.753:App\Http/App\Http\Request setHeader
03:30.752:18781:30.753:App\Http/App\Http\Request setHeader
03:30.752:18781:30.753:App\Http/App\Http\Request setHeader
03:30.752:18781:30.753:App\Http/App\Http\Request rq http://localhost:8000:8000/ 
03:30.752:18781:30.753:App\Http/App\Http\Request rq GET 
03:30.752:18781:30.754:App\Http/App\Http\Response setHeader
03:30.752:18781:30.754:App\Http/App\Http\Response réponse 200 
03:30.752:18781:30.754:App\Http/App\Http\Response http://localhost:8000:8000/
03:30.752:18781:30.754:App\Http/App\Http\Response  envoyée à http://127.0.0.1:42360
03:30.752:18781:30.754:App\Http/App\Http\Response setHeader
03:30.752:18781:30.754:App\Http/App\Http\Response réponse 200 
03:30.752:18781:30.754:App\Http/App\Http\Response http://127.0.0.1:42360
03:30.752:18781:30.754:App\Http/App\Http\Response  envoyée à http://127.0.0.1:42360
03:30.752:18781:30.754:app App Php Pedago finished
04:09.209:18781:09.211:app App Php Pedago started
04:09.209:18781:09.213:App\Http/App\Http\Request setHeader
04:09.209:18781:09.213:App\Http/App\Http\Request setHeader
04:09.209:18781:09.213:App\Http/App\Http\Request setHeader
04:09.209:18781:09.213:App\Http/App\Http\Request setHeader
04:09.209:18781:09.213:App\Http/App\Http\Request setHeader
04:09.209:18781:09.213:App\Http/App\Http\Request setHeader
04:09.209:18781:09.213:App\Http/App\Http\Request setHeader
04:09.209:18781:09.213:App\Http/App\Http\Request setHeader
04:09.209:18781:09.214:App\Http/App\Http\Request setHeader
04:09.209:18781:09.214:App\Http/App\Http\Request setHeader
04:09.209:18781:09.214:App\Http/App\Http\Request setHeader
04:09.209:18781:09.214:App\Http/App\Http\Request setHeader
04:09.209:18781:09.214:App\Http/App\Http\Request setHeader
04:09.209:18781:09.214:App\Http/App\Http\Request setHeader
04:09.209:18781:09.214:App\Http/App\Http\Request setHeader
04:09.209:18781:09.214:App\Http/App\Http\Request setHeader
04:09.209:18781:09.214:App\Http/App\Http\Request setHeader
04:09.209:18781:09.214:App\Http/App\Http\Request rq http://localhost:8000:8000/ 
04:09.209:18781:09.214:App\Http/App\Http\Request rq GET 
04:09.209:18781:09.215:App\Http/App\Http\Response setHeader
04:09.209:18781:09.215:App\Http/App\Http\Response réponse 200 
04:09.209:18781:09.215:App\Http/App\Http\Response http://localhost:8000:8000/
04:09.209:18781:09.215:App\Http/App\Http\Response  envoyée à http://127.0.0.1:42366
04:09.209:18781:09.215:App\Http/App\Http\Response setHeader
04:09.209:18781:09.215:App\Http/App\Http\Response réponse 200 
04:09.209:18781:09.215:App\Http/App\Http\Response http://127.0.0.1:42366
04:09.209:18781:09.215:App\Http/App\Http\Response  envoyée à http://127.0.0.1:42366
04:09.209:18781:09.215:app App Php Pedago finished
31:03.078:18781:03.080:app App Php Pedago started
31:03.078:18781:03.082:App\Http/App\Http\Request setHeader
31:03.078:18781:03.082:App\Http/App\Http\Request setHeader
31:03.078:18781:03.082:App\Http/App\Http\Request setHeader
31:03.078:18781:03.082:App\Http/App\Http\Request setHeader
31:03.078:18781:03.082:App\Http/App\Http\Request setHeader
31:03.078:18781:03.082:App\Http/App\Http\Request setHeader
31:03.078:18781:03.082:App\Http/App\Http\Request setHeader
31:03.078:18781:03.082:App\Http/App\Http\Request setHeader
31:03.078:18781:03.082:App\Http/App\Http\Request setHeader
31:03.078:18781:03.082:App\Http/App\Http\Request setHeader
31:03.078:18781:03.082:App\Http/App\Http\Request setHeader
31:03.078:18781:03.082:App\Http/App\Http\Request setHeader
31:03.078:18781:03.082:App\Http/App\Http\Request setHeader
31:03.078:18781:03.082:App\Http/App\Http\Request setHeader
31:03.078:18781:03.082:App\Http/App\Http\Request setHeader
31:03.078:18781:03.082:App\Http/App\Http\Request setHeader
31:03.078:18781:03.082:App\Http/App\Http\Request setHeader
31:03.078:18781:03.082:App\Http/App\Http\Request rq http://localhost:8000:8000/ 
31:03.078:18781:03.082:App\Http/App\Http\Request rq GET 
31:03.078:18781:03.083:App\Http/App\Http\Response setHeader
31:03.078:18781:03.083:App\Http/App\Http\Response réponse 200 
31:03.078:18781:03.083:App\Http/App\Http\Response http://localhost:8000:8000/
31:03.078:18781:03.083:App\Http/App\Http\Response  envoyée à http://127.0.0.1:46024
31:03.078:18781:03.083:App\Http/App\Http\Response setHeader
31:03.078:18781:03.083:App\Http/App\Http\Response réponse 200 
31:03.078:18781:03.083:App\Http/App\Http\Response http://127.0.0.1:46024
31:03.078:18781:03.083:App\Http/App\Http\Response  envoyée à http://127.0.0.1:46024
31:03.078:18781:03.083:app App Php Pedago finished